# JRE version: Java(TM) SE Runtime Environment (8.0_162-b12) (build 1.8.0_162-b12)
# Java VM: Java HotSpot(TM) 64-Bit Server VM (25.162-b12 mixed mode windows-amd64 compressed oops)
Heap:
 PSYoungGen      total 1373696K, used 641231K [0x000000076b100000, 0x00000007c0000000, 0x00000007c0000000)
  eden space 1356800K, 46% used [0x000000076b100000,0x00000007917579b0,0x00000007bde00000)
  from space 16896K, 71% used [0x00000007bef80000,0x00000007bfb5c2f8,0x00000007c0000000)
  to   space 17408K, 0% used [0x00000007bde00000,0x00000007bde00000,0x00000007bef00000)
 ParOldGen       total 175104K, used 101169K [0x00000006c1200000, 0x00000006cbd00000, 0x000000076b100000)
  object space 175104K, 57% used [0x00000006c1200000,0x00000006c74cc510,0x00000006cbd00000)
 Metaspace       used 11465K, capacity 11744K, committed 11904K, reserved 1060864K
  class space    used 1337K, capacity 1397K, committed 1408K, reserved 1048576K
GC Heap History (10 events):
Event: 9.774 GC heap before
{Heap before GC invocations=18 (full 0):
 PSYoungGen      total 860160K, used 845856K [0x000000076b100000, 0x00000007b5280000, 0x00000007c0000000)
  eden space 839168K, 100% used [0x000000076b100000,0x000000079e480000,0x000000079e480000)
  from space 20992K, 31% used [0x000000079e480000,0x000000079eb080d8,0x000000079f900000)
  to   space 19456K, 0% used [0x00000007b3f80000,0x00000007b3f80000,0x00000007b5280000)
 ParOldGen       total 175104K, used 71977K [0x00000006c1200000, 0x00000006cbd00000, 0x000000076b100000)
  object space 175104K, 41% used [0x00000006c1200000,0x00000006c584a510,0x00000006cbd00000)
 Metaspace       used 11411K, capacity 11680K, committed 11904K, reserved 1060864K
  class space    used 1337K, capacity 1397K, committed 1408K, reserved 1048576K
Event: 9.782 GC heap after
Heap after GC invocations=18 (full 0):
 PSYoungGen      total 1193472K, used 6041K [0x000000076b100000, 0x00000007b5180000, 0x00000007c0000000)
  eden space 1175040K, 0% used [0x000000076b100000,0x000000076b100000,0x00000007b2c80000)
  from space 18432K, 32% used [0x00000007b3f80000,0x00000007b4566758,0x00000007b5180000)
  to   space 18944K, 0% used [0x00000007b2c80000,0x00000007b2c80000,0x00000007b3f00000)
 ParOldGen       total 175104K, used 76881K [0x00000006c1200000, 0x00000006cbd00000, 0x000000076b100000)
  object space 175104K, 43% used [0x00000006c1200000,0x00000006c5d14510,0x00000006cbd00000)
 Metaspace       used 11411K, capacity 11680K, committed 11904K, reserved 1060864K
  class space    used 1337K, capacity 1397K, committed 1408K, reserved 1048576K
}
Event: 10.713 GC heap before
{Heap before GC invocations=19 (full 0):
 PSYoungGen      total 1193472K, used 1181081K [0x000000076b100000, 0x00000007b5180000, 0x00000007c0000000)
  eden space 1175040K, 100% used [0x000000076b100000,0x00000007b2c80000,0x00000007b2c80000)
  from space 18432K, 32% used [0x00000007b3f80000,0x00000007b4566758,0x00000007b5180000)
  to   space 18944K, 0% used [0x00000007b2c80000,0x00000007b2c80000,0x00000007b3f00000)
 ParOldGen       total 175104K, used 76881K [0x00000006c1200000, 0x00000006cbd00000, 0x000000076b100000)
  object space 175104K, 43% used [0x00000006c1200000,0x00000006c5d14510,0x00000006cbd00000)
 Metaspace       used 11429K, capacity 11680K, committed 11904K, reserved 1060864K
  class space    used 1337K, capacity 1397K, committed 1408K, reserved 1048576K
Event: 10.722 GC heap after
Heap after GC invocations=19 (full 0):
 PSYoungGen      total 1193984K, used 8054K [0x000000076b100000, 0x00000007bff80000, 0x00000007c0000000)
  eden space 1175040K, 0% used [0x000000076b100000,0x000000076b100000,0x00000007b2c80000)
  from space 18944K, 42% used [0x00000007b2c80000,0x00000007b345d810,0x00000007b3f00000)
  to   space 18432K, 0% used [0x00000007bed80000,0x00000007bed80000,0x00000007bff80000)
 ParOldGen       total 175104K, used 81121K [0x00000006c1200000, 0x00000006cbd00000, 0x000000076b100000)
  object space 175104K, 46% used [0x00000006c1200000,0x00000006c6138510,0x00000006cbd00000)
 Metaspace       used 11429K, capacity 11680K, committed 11904K, reserved 1060864K
  class space    used 1337K, capacity 1397K, committed 1408K, reserved 1048576K
}
Event: 11.576 GC heap before
{Heap before GC invocations=20 (full 0):
 PSYoungGen      total 1193984K, used 1183094K [0x000000076b100000, 0x00000007bff80000, 0x00000007c0000000)
  eden space 1175040K, 100% used [0x000000076b100000,0x00000007b2c80000,0x00000007b2c80000)
  from space 18944K, 42% used [0x00000007b2c80000,0x00000007b345d810,0x00000007b3f00000)
  to   space 18432K, 0% used [0x00000007bed80000,0x00000007bed80000,0x00000007bff80000)
 ParOldGen       total 175104K, used 81121K [0x00000006c1200000, 0x00000006cbd00000, 0x000000076b100000)
  object space 175104K, 46% used [0x00000006c1200000,0x00000006c6138510,0x00000006cbd00000)
 Metaspace       used 11437K, capacity 11680K, committed 11904K, reserved 1060864K
  class space    used 1337K, capacity 1397K, committed 1408K, reserved 1048576K
Event: 11.586 GC heap after
Heap after GC invocations=20 (full 0):
 PSYoungGen      total 1370624K, used 8533K [0x000000076b100000, 0x00000007bfd80000, 0x00000007c0000000)
  eden space 1354240K, 0% used [0x000000076b100000,0x000000076b100000,0x00000007bdb80000)
  from space 16384K, 52% used [0x00000007bed80000,0x00000007bf5d5418,0x00000007bfd80000)
  to   space 17408K, 0% used [0x00000007bdb80000,0x00000007bdb80000,0x00000007bec80000)
 ParOldGen       total 175104K, used 87305K [0x00000006c1200000, 0x00000006cbd00000, 0x000000076b100000)
  object space 175104K, 49% used [0x00000006c1200000,0x00000006c6742510,0x00000006cbd00000)
 Metaspace       used 11437K, capacity 11680K, committed 11904K, reserved 1060864K
  class space    used 1337K, capacity 1397K, committed 1408K, reserved 1048576K
}
Event: 12.582 GC heap before
{Heap before GC invocations=21 (full 0):
 PSYoungGen      total 1370624K, used 1362773K [0x000000076b100000, 0x00000007bfd80000, 0x00000007c0000000)
  eden space 1354240K, 100% used [0x000000076b100000,0x00000007bdb80000,0x00000007bdb80000)
  from space 16384K, 52% used [0x00000007bed80000,0x00000007bf5d5418,0x00000007bfd80000)
  to   space 17408K, 0% used [0x00000007bdb80000,0x00000007bdb80000,0x00000007bec80000)
 ParOldGen       total 175104K, used 87305K [0x00000006c1200000, 0x00000006cbd00000, 0x000000076b100000)
  object space 175104K, 49% used [0x00000006c1200000,0x00000006c6742510,0x00000006cbd00000)
 Metaspace       used 11457K, capacity 11744K, committed 11904K, reserved 1060864K
  class space    used 1337K, capacity 1397K, committed 1408K, reserved 1048576K
Event: 12.594 GC heap after
Heap after GC invocations=21 (full 0):
 PSYoungGen      total 1371648K, used 9243K [0x000000076b100000, 0x00000007c0000000, 0x00000007c0000000)
  eden space 1354240K, 0% used [0x000000076b100000,0x000000076b100000,0x00000007bdb80000)
  from space 17408K, 53% used [0x00000007bdb80000,0x00000007be486ec0,0x00000007bec80000)
  to   space 16896K, 0% used [0x00000007bef80000,0x00000007bef80000,0x00000007c0000000)
 ParOldGen       total 175104K, used 93953K [0x00000006c1200000, 0x00000006cbd00000, 0x000000076b100000)
  object space 175104K, 53% used [0x00000006c1200000,0x00000006c6dc0510,0x00000006cbd00000)
 Metaspace       used 11457K, capacity 11744K, committed 11904K, reserved 1060864K
  class space    used 1337K, capacity 1397K, committed 1408K, reserved 1048576K
}
Event: 13.524 GC heap before
{Heap before GC invocations=22 (full 0):
 PSYoungGen      total 1371648K, used 1363483K [0x000000076b100000, 0x00000007c0000000, 0x00000007c0000000)
  eden space 1354240K, 100% used [0x000000076b100000,0x00000007bdb80000,0x00000007bdb80000)
  from space 17408K, 53% used [0x00000007bdb80000,0x00000007be486ec0,0x00000007bec80000)
  to   space 16896K, 0% used [0x00000007bef80000,0x00000007bef80000,0x00000007c0000000)
 ParOldGen       total 175104K, used 93953K [0x00000006c1200000, 0x00000006cbd00000, 0x000000076b100000)
  object space 175104K, 53% used [0x00000006c1200000,0x00000006c6dc0510,0x00000006cbd00000)
 Metaspace       used 11464K, capacity 11744K, committed 11904K, reserved 1060864K
  class space    used 1337K, capacity 1397K, committed 1408K, reserved 1048576K
Event: 13.537 GC heap after
Heap after GC invocations=22 (full 0):
 PSYoungGen      total 1373696K, used 12144K [0x000000076b100000, 0x00000007c0000000, 0x00000007c0000000)
  eden space 1356800K, 0% used [0x000000076b100000,0x000000076b100000,0x00000007bde00000)
  from space 16896K, 71% used [0x00000007bef80000,0x00000007bfb5c2f8,0x00000007c0000000)
  to   space 17408K, 0% used [0x00000007bde00000,0x00000007bde00000,0x00000007bef00000)
 ParOldGen       total 175104K, used 101169K [0x00000006c1200000, 0x00000006cbd00000, 0x000000076b100000)
  object space 175104K, 57% used [0x00000006c1200000,0x00000006c74cc510,0x00000006cbd00000)
 Metaspace       used 11464K, capacity 11744K, committed 11904K, reserved 1060864K
  class space    used 1337K, capacity 1397K, committed 1408K, reserved 1048576K
}

