# JRE version: Java(TM) SE Runtime Environment (8.0_162-b12) (build 1.8.0_162-b12)
# Java VM: Java HotSpot(TM) 64-Bit Server VM (25.162-b12 mixed mode windows-amd64 compressed oops)
Heap:
 PSYoungGen      total 388608K, used 173347K [0x000000076b100000, 0x0000000783a80000, 0x00000007c0000000)
  eden space 374272K, 45% used [0x000000076b100000,0x0000000775684708,0x0000000781e80000)
  from space 14336K, 26% used [0x0000000781e80000,0x00000007822447e0,0x0000000782c80000)
  to   space 13312K, 0% used [0x0000000782d80000,0x0000000782d80000,0x0000000783a80000)
 ParOldGen       total 175104K, used 47655K [0x00000006c1200000, 0x00000006cbd00000, 0x000000076b100000)
  object space 175104K, 27% used [0x00000006c1200000,0x00000006c4089d90,0x00000006cbd00000)
 Metaspace       used 11257K, capacity 11492K, committed 11648K, reserved 1058816K
  class space    used 1341K, capacity 1399K, committed 1408K, reserved 1048576K
GC Heap History (10 events):
Event: 4.689 GC heap before
{Heap before GC invocations=22 (full 0):
 PSYoungGen      total 282112K, used 272998K [0x000000076b100000, 0x000000077d500000, 0x00000007c0000000)
  eden space 265216K, 100% used [0x000000076b100000,0x000000077b400000,0x000000077b400000)
  from space 16896K, 46% used [0x000000077b400000,0x000000077bb999c0,0x000000077c480000)
  to   space 15872K, 0% used [0x000000077c580000,0x000000077c580000,0x000000077d500000)
 ParOldGen       total 175104K, used 30313K [0x00000006c1200000, 0x00000006cbd00000, 0x000000076b100000)
  object space 175104K, 17% used [0x00000006c1200000,0x00000006c2f9a4d0,0x00000006cbd00000)
 Metaspace       used 11157K, capacity 11364K, committed 11648K, reserved 1058816K
  class space    used 1341K, capacity 1399K, committed 1408K, reserved 1048576K
Event: 4.696 GC heap after
Heap after GC invocations=22 (full 0):
 PSYoungGen      total 283136K, used 3319K [0x000000076b100000, 0x0000000783b00000, 0x00000007c0000000)
  eden space 267264K, 0% used [0x000000076b100000,0x000000076b100000,0x000000077b600000)
  from space 15872K, 20% used [0x000000077c580000,0x000000077c8bdf50,0x000000077d500000)
  to   space 15872K, 0% used [0x000000077b600000,0x000000077b600000,0x000000077c580000)
 ParOldGen       total 175104K, used 36383K [0x00000006c1200000, 0x00000006cbd00000, 0x000000076b100000)
  object space 175104K, 20% used [0x00000006c1200000,0x00000006c3587d20,0x00000006cbd00000)
 Metaspace       used 11157K, capacity 11364K, committed 11648K, reserved 1058816K
  class space    used 1341K, capacity 1399K, committed 1408K, reserved 1048576K
}
Event: 4.894 GC heap before
{Heap before GC invocations=23 (full 0):
 PSYoungGen      total 283136K, used 270583K [0x000000076b100000, 0x0000000783b00000, 0x00000007c0000000)
  eden space 267264K, 100% used [0x000000076b100000,0x000000077b600000,0x000000077b600000)
  from space 15872K, 20% used [0x000000077c580000,0x000000077c8bdf50,0x000000077d500000)
  to   space 15872K, 0% used [0x000000077b600000,0x000000077b600000,0x000000077c580000)
 ParOldGen       total 175104K, used 36383K [0x00000006c1200000, 0x00000006cbd00000, 0x000000076b100000)
  object space 175104K, 20% used [0x00000006c1200000,0x00000006c3587d20,0x00000006cbd00000)
 Metaspace       used 11175K, capacity 11364K, committed 11648K, reserved 1058816K
  class space    used 1341K, capacity 1399K, committed 1408K, reserved 1048576K
Event: 4.897 GC heap after
Heap after GC invocations=23 (full 0):
 PSYoungGen      total 283136K, used 2653K [0x000000076b100000, 0x0000000783c80000, 0x00000007c0000000)
  eden space 267264K, 0% used [0x000000076b100000,0x000000076b100000,0x000000077b600000)
  from space 15872K, 16% used [0x000000077b600000,0x000000077b897558,0x000000077c580000)
  to   space 15360K, 0% used [0x0000000782d80000,0x0000000782d80000,0x0000000783c80000)
 ParOldGen       total 175104K, used 38231K [0x00000006c1200000, 0x00000006cbd00000, 0x000000076b100000)
  object space 175104K, 21% used [0x00000006c1200000,0x00000006c3755d70,0x00000006cbd00000)
 Metaspace       used 11175K, capacity 11364K, committed 11648K, reserved 1058816K
  class space    used 1341K, capacity 1399K, committed 1408K, reserved 1048576K
}
Event: 5.125 GC heap before
{Heap before GC invocations=24 (full 0):
 PSYoungGen      total 283136K, used 269917K [0x000000076b100000, 0x0000000783c80000, 0x00000007c0000000)
  eden space 267264K, 100% used [0x000000076b100000,0x000000077b600000,0x000000077b600000)
  from space 15872K, 16% used [0x000000077b600000,0x000000077b897558,0x000000077c580000)
  to   space 15360K, 0% used [0x0000000782d80000,0x0000000782d80000,0x0000000783c80000)
 ParOldGen       total 175104K, used 38231K [0x00000006c1200000, 0x00000006cbd00000, 0x000000076b100000)
  object space 175104K, 21% used [0x00000006c1200000,0x00000006c3755d70,0x00000006cbd00000)
 Metaspace       used 11181K, capacity 11428K, committed 11648K, reserved 1058816K
  class space    used 1341K, capacity 1399K, committed 1408K, reserved 1048576K
Event: 5.129 GC heap after
Heap after GC invocations=24 (full 0):
 PSYoungGen      total 387584K, used 2822K [0x000000076b100000, 0x0000000783a80000, 0x00000007c0000000)
  eden space 374272K, 0% used [0x000000076b100000,0x000000076b100000,0x0000000781e80000)
  from space 13312K, 21% used [0x0000000782d80000,0x0000000783041af8,0x0000000783a80000)
  to   space 14336K, 0% used [0x0000000781e80000,0x0000000781e80000,0x0000000782c80000)
 ParOldGen       total 175104K, used 39431K [0x00000006c1200000, 0x00000006cbd00000, 0x000000076b100000)
  object space 175104K, 22% used [0x00000006c1200000,0x00000006c3881d70,0x00000006cbd00000)
 Metaspace       used 11181K, capacity 11428K, committed 11648K, reserved 1058816K
  class space    used 1341K, capacity 1399K, committed 1408K, reserved 1048576K
}
Event: 5.438 GC heap before
{Heap before GC invocations=25 (full 0):
 PSYoungGen      total 387584K, used 377094K [0x000000076b100000, 0x0000000783a80000, 0x00000007c0000000)
  eden space 374272K, 100% used [0x000000076b100000,0x0000000781e80000,0x0000000781e80000)
  from space 13312K, 21% used [0x0000000782d80000,0x0000000783041af8,0x0000000783a80000)
  to   space 14336K, 0% used [0x0000000781e80000,0x0000000781e80000,0x0000000782c80000)
 ParOldGen       total 175104K, used 39431K [0x00000006c1200000, 0x00000006cbd00000, 0x000000076b100000)
  object space 175104K, 22% used [0x00000006c1200000,0x00000006c3881d70,0x00000006cbd00000)
 Metaspace       used 11200K, capacity 11428K, committed 11648K, reserved 1058816K
  class space    used 1341K, capacity 1399K, committed 1408K, reserved 1048576K
Event: 5.442 GC heap after
Heap after GC invocations=25 (full 0):
 PSYoungGen      total 388608K, used 3533K [0x000000076b100000, 0x0000000783a80000, 0x00000007c0000000)
  eden space 374272K, 0% used [0x000000076b100000,0x000000076b100000,0x0000000781e80000)
  from space 14336K, 24% used [0x0000000781e80000,0x00000007821f3740,0x0000000782c80000)
  to   space 13312K, 0% used [0x0000000782d80000,0x0000000782d80000,0x0000000783a80000)
 ParOldGen       total 175104K, used 40775K [0x00000006c1200000, 0x00000006cbd00000, 0x000000076b100000)
  object space 175104K, 23% used [0x00000006c1200000,0x00000006c39d1d70,0x00000006cbd00000)
 Metaspace       used 11200K, capacity 11428K, committed 11648K, reserved 1058816K
  class space    used 1341K, capacity 1399K, committed 1408K, reserved 1048576K
}
Event: 5.692 GC heap before
{Heap before GC invocations=26 (full 0):
 PSYoungGen      total 388608K, used 377805K [0x000000076b100000, 0x0000000783a80000, 0x00000007c0000000)
  eden space 374272K, 100% used [0x000000076b100000,0x0000000781e80000,0x0000000781e80000)
  from space 14336K, 24% used [0x0000000781e80000,0x00000007821f3740,0x0000000782c80000)
  to   space 13312K, 0% used [0x0000000782d80000,0x0000000782d80000,0x0000000783a80000)
 ParOldGen       total 175104K, used 40775K [0x00000006c1200000, 0x00000006cbd00000, 0x000000076b100000)
  object space 175104K, 23% used [0x00000006c1200000,0x00000006c39d1d70,0x00000006cbd00000)
 Metaspace       used 11209K, capacity 11428K, committed 11648K, reserved 1058816K
  class space    used 1341K, capacity 1399K, committed 1408K, reserved 1048576K
Event: 5.695 GC heap after
Heap after GC invocations=26 (full 0):
 PSYoungGen      total 387584K, used 3157K [0x000000076b100000, 0x0000000783a80000, 0x00000007c0000000)
  eden space 374272K, 0% used [0x000000076b100000,0x000000076b100000,0x0000000781e80000)
  from space 13312K, 23% used [0x0000000782d80000,0x0000000783095660,0x0000000783a80000)
  to   space 14336K, 0% used [0x0000000781e80000,0x0000000781e80000,0x0000000782c80000)
 ParOldGen       total 175104K, used 42775K [0x00000006c1200000, 0x00000006cbd00000, 0x000000076b100000)
  object space 175104K, 24% used [0x00000006c1200000,0x00000006c3bc5d70,0x00000006cbd00000)
 Metaspace       used 11209K, capacity 11428K, committed 11648K, reserved 1058816K
  class space    used 1341K, capacity 1399K, committed 1408K, reserved 1048576K
}

